0 info it worked if it ends with ok
1 verbose cli [ '/home/a/node-v6.11.0-linux-x64/bin/node',
1 verbose cli   '/usr/local/bin/npm',
1 verbose cli   'edit',
1 verbose cli   'functional-javascript-workshop' ]
2 info using npm@3.10.10
3 info using node@v6.11.0
4 verbose config Skipping project config: /home/a/.npmrc. (matches userconfig)
5 verbose stack Error: ENOENT: no such file or directory, lstat '/home/a/node_modules/functional-javascript-workshop'
5 verbose stack     at Error (native)
6 verbose cwd /home/a/work/Study/nodeschool/functional-javascript-workshop
7 error Linux 4.9.0-deepin6-amd64
8 error argv "/home/a/node-v6.11.0-linux-x64/bin/node" "/usr/local/bin/npm" "edit" "functional-javascript-workshop"
9 error node v6.11.0
10 error npm  v3.10.10
11 error path /home/a/node_modules/functional-javascript-workshop
12 error code ENOENT
13 error errno -2
14 error syscall lstat
15 error enoent ENOENT: no such file or directory, lstat '/home/a/node_modules/functional-javascript-workshop'
16 error enoent ENOENT: no such file or directory, lstat '/home/a/node_modules/functional-javascript-workshop'
16 error enoent This is most likely not a problem with npm itself
16 error enoent and is related to npm not being able to find a file.
17 verbose exit [ -2, true ]
